<?xml version="1.0" encoding="UTF-8"?>
<testng-results skipped="0" failed="0" ignored="0" total="6" passed="6">
  <reporter-output>
  </reporter-output>
  <suite name="Suite" duration-ms="155086" started-at="2023-01-06T05:12:20Z" finished-at="2023-01-06T05:14:55Z">
    <groups>
    </groups>
    <test name="Test" duration-ms="155086" started-at="2023-01-06T05:12:20Z" finished-at="2023-01-06T05:14:55Z">
      <class name="org.sample.Altoro">
        <test-method status="PASS" signature="tc1(java.lang.String, java.lang.String, java.lang.String, java.lang.String)[pri:0, instance:org.sample.Altoro@66a3ffec]" name="tc1" duration-ms="48902" started-at="2023-01-06T05:12:20Z" finished-at="2023-01-06T05:13:09Z">
          <params>
            <param index="0">
              <value>
                <![CDATA[demo_user]]>
              </value>
            </param>
            <param index="1">
              <value>
                <![CDATA[demo_password]]>
              </value>
            </param>
            <param index="2">
              <value>
                <![CDATA[admin]]>
              </value>
            </param>
            <param index="3">
              <value>
                <![CDATA[admin]]>
              </value>
            </param>
          </params>
          <reporter-output>
          </reporter-output>
        </test-method> <!-- tc1 -->
        <test-method status="PASS" signature="tc2(java.lang.String, java.lang.String)[pri:0, instance:org.sample.Altoro@66a3ffec]" name="tc2" duration-ms="15351" started-at="2023-01-06T05:13:09Z" finished-at="2023-01-06T05:13:24Z">
          <params>
            <param index="0">
              <value>
                <![CDATA[admin]]>
              </value>
            </param>
            <param index="1">
              <value>
                <![CDATA[admin]]>
              </value>
            </param>
          </params>
          <reporter-output>
          </reporter-output>
        </test-method> <!-- tc2 -->
        <test-method status="PASS" signature="tc3(java.lang.String, java.lang.String)[pri:0, instance:org.sample.Altoro@66a3ffec]" name="tc3" duration-ms="16576" started-at="2023-01-06T05:13:24Z" finished-at="2023-01-06T05:13:41Z">
          <params>
            <param index="0">
              <value>
                <![CDATA[admin]]>
              </value>
            </param>
            <param index="1">
              <value>
                <![CDATA[admin]]>
              </value>
            </param>
          </params>
          <reporter-output>
          </reporter-output>
        </test-method> <!-- tc3 -->
        <test-method status="PASS" signature="tc4(java.lang.String, java.lang.String)[pri:0, instance:org.sample.Altoro@66a3ffec]" name="tc4" duration-ms="21108" started-at="2023-01-06T05:13:41Z" finished-at="2023-01-06T05:14:02Z">
          <params>
            <param index="0">
              <value>
                <![CDATA[admin]]>
              </value>
            </param>
            <param index="1">
              <value>
                <![CDATA[admin]]>
              </value>
            </param>
          </params>
          <reporter-output>
          </reporter-output>
        </test-method> <!-- tc4 -->
        <test-method status="PASS" signature="tc5()[pri:0, instance:org.sample.Altoro@66a3ffec]" name="tc5" duration-ms="32340" started-at="2023-01-06T05:14:02Z" finished-at="2023-01-06T05:14:34Z">
          <reporter-output>
          </reporter-output>
        </test-method> <!-- tc5 -->
        <test-method status="PASS" signature="tc6(java.lang.String, java.lang.String)[pri:0, instance:org.sample.Altoro@66a3ffec]" name="tc6" duration-ms="20747" started-at="2023-01-06T05:14:34Z" finished-at="2023-01-06T05:14:55Z">
          <params>
            <param index="0">
              <value>
                <![CDATA[admin]]>
              </value>
            </param>
            <param index="1">
              <value>
                <![CDATA[admin]]>
              </value>
            </param>
          </params>
          <reporter-output>
          </reporter-output>
        </test-method> <!-- tc6 -->
      </class> <!-- org.sample.Altoro -->
    </test> <!-- Test -->
  </suite> <!-- Suite -->
</testng-results>
